<?xml version="1.0" encoding="UTF-8"?>
<testng-results skipped="0" failed="0" total="1" passed="1">
  <reporter-output>
  </reporter-output>
  <suite name="Default suite" duration-ms="32649" started-at="2020-01-19T14:08:40Z" finished-at="2020-01-19T14:09:12Z">
    <groups>
    </groups>
    <test name="Default test" duration-ms="32649" started-at="2020-01-19T14:08:40Z" finished-at="2020-01-19T14:09:12Z">
      <class name="com.testassignment.tests.TestScripts">
        <test-method status="PASS" signature="startAutomationSuite()[pri:0, instance:com.testassignment.tests.TestScripts@548b7f67]" name="startAutomationSuite" is-config="true" duration-ms="12" started-at="2020-01-19T19:38:40Z" finished-at="2020-01-19T19:38:40Z">
          <reporter-output>
          </reporter-output>
        </test-method> <!-- startAutomationSuite -->
        <test-method status="PASS" signature="executeTestScenarios()[pri:0, instance:com.testassignment.tests.TestScripts@548b7f67]" name="executeTestScenarios" duration-ms="32630" started-at="2020-01-19T19:38:40Z" finished-at="2020-01-19T19:39:12Z">
          <reporter-output>
          </reporter-output>
        </test-method> <!-- executeTestScenarios -->
      </class> <!-- com.testassignment.tests.TestScripts -->
    </test> <!-- Default test -->
  </suite> <!-- Default suite -->
</testng-results>
